This is pdfTeX, Version 3.14159265-2.6-1.40.16 (TeX Live 2015) (preloaded format=pdflatex 2015.5.24)  19 JUL 2020 09:43
entering extended mode
 restricted \write18 enabled.
 %&-line parsing enabled.
**main.tex
(./main.tex
LaTeX2e <2015/01/01>
Babel <3.9l> and hyphenation patterns for 79 languages loaded.
(/usr/local/texlive/2015/texmf-dist/tex/latex/base/article.cls
Document Class: article 2014/09/29 v1.4h Standard LaTeX document class
(/usr/local/texlive/2015/texmf-dist/tex/latex/base/size11.clo
File: size11.clo 2014/09/29 v1.4h Standard LaTeX file (size option)
)
\c@part=\count79
\c@section=\count80
\c@subsection=\count81
\c@subsubsection=\count82
\c@paragraph=\count83
\c@subparagraph=\count84
\c@figure=\count85
\c@table=\count86
\abovecaptionskip=\skip41
\belowcaptionskip=\skip42
\bibindent=\dimen102
)
(/usr/local/texlive/2015/texmf-dist/tex/latex/geometry/geometry.sty
Package: geometry 2010/09/12 v5.6 Page Geometry

(/usr/local/texlive/2015/texmf-dist/tex/latex/graphics/keyval.sty
Package: keyval 2014/10/28 v1.15 key=value parser (DPC)
\KV@toks@=\toks14
)
(/usr/local/texlive/2015/texmf-dist/tex/generic/oberdiek/ifpdf.sty
Package: ifpdf 2011/01/30 v2.3 Provides the ifpdf switch (HO)
Package ifpdf Info: pdfTeX in PDF mode is detected.
)
(/usr/local/texlive/2015/texmf-dist/tex/generic/oberdiek/ifvtex.sty
Package: ifvtex 2010/03/01 v1.5 Detect VTeX and its facilities (HO)
Package ifvtex Info: VTeX not detected.
)
(/usr/local/texlive/2015/texmf-dist/tex/generic/ifxetex/ifxetex.sty
Package: ifxetex 2010/09/12 v0.6 Provides ifxetex conditional
)
\Gm@cnth=\count87
\Gm@cntv=\count88
\c@Gm@tempcnt=\count89
\Gm@bindingoffset=\dimen103
\Gm@wd@mp=\dimen104
\Gm@odd@mp=\dimen105
\Gm@even@mp=\dimen106
\Gm@layoutwidth=\dimen107
\Gm@layoutheight=\dimen108
\Gm@layouthoffset=\dimen109
\Gm@layoutvoffset=\dimen110
\Gm@dimlist=\toks15
)
(/usr/local/texlive/2015/texmf-dist/tex/latex/amsfonts/amssymb.sty
Package: amssymb 2013/01/14 v3.01 AMS font symbols

(/usr/local/texlive/2015/texmf-dist/tex/latex/amsfonts/amsfonts.sty
Package: amsfonts 2013/01/14 v3.01 Basic AMSFonts support
\@emptytoks=\toks16
\symAMSa=\mathgroup4
\symAMSb=\mathgroup5
LaTeX Font Info:    Overwriting math alphabet `\mathfrak' in version `bold'
(Font)                  U/euf/m/n --> U/euf/b/n on input line 106.
))
(/usr/local/texlive/2015/texmf-dist/tex/latex/amscls/amsthm.sty
Package: amsthm 2015/03/04 v2.20.2
\thm@style=\toks17
\thm@bodyfont=\toks18
\thm@headfont=\toks19
\thm@notefont=\toks20
\thm@headpunct=\toks21
\thm@preskip=\skip43
\thm@postskip=\skip44
\thm@headsep=\skip45
\dth@everypar=\toks22
)
(/usr/local/texlive/2015/texmf-dist/tex/latex/amsmath/amsmath.sty
Package: amsmath 2013/01/14 v2.14 AMS math features
\@mathmargin=\skip46

For additional information on amsmath, use the `?' option.
(/usr/local/texlive/2015/texmf-dist/tex/latex/amsmath/amstext.sty
Package: amstext 2000/06/29 v2.01

(/usr/local/texlive/2015/texmf-dist/tex/latex/amsmath/amsgen.sty
File: amsgen.sty 1999/11/30 v2.0
\@emptytoks=\toks23
\ex@=\dimen111
))
(/usr/local/texlive/2015/texmf-dist/tex/latex/amsmath/amsbsy.sty
Package: amsbsy 1999/11/29 v1.2d
\pmbraise@=\dimen112
)
(/usr/local/texlive/2015/texmf-dist/tex/latex/amsmath/amsopn.sty
Package: amsopn 1999/12/14 v2.01 operator names
)
\inf@bad=\count90
LaTeX Info: Redefining \frac on input line 210.
\uproot@=\count91
\leftroot@=\count92
LaTeX Info: Redefining \overline on input line 306.
\classnum@=\count93
\DOTSCASE@=\count94
LaTeX Info: Redefining \ldots on input line 378.
LaTeX Info: Redefining \dots on input line 381.
LaTeX Info: Redefining \cdots on input line 466.
\Mathstrutbox@=\box26
\strutbox@=\box27
\big@size=\dimen113
LaTeX Font Info:    Redeclaring font encoding OML on input line 566.
LaTeX Font Info:    Redeclaring font encoding OMS on input line 567.
\macc@depth=\count95
\c@MaxMatrixCols=\count96
\dotsspace@=\muskip10
\c@parentequation=\count97
\dspbrk@lvl=\count98
\tag@help=\toks24
\row@=\count99
\column@=\count100
\maxfields@=\count101
\andhelp@=\toks25
\eqnshift@=\dimen114
\alignsep@=\dimen115
\tagshift@=\dimen116
\tagwidth@=\dimen117
\totwidth@=\dimen118
\lineht@=\dimen119
\@envbody=\toks26
\multlinegap=\skip47
\multlinetaggap=\skip48
\mathdisplay@stack=\toks27
LaTeX Info: Redefining \[ on input line 2665.
LaTeX Info: Redefining \] on input line 2666.
)
(/usr/local/texlive/2015/texmf-dist/tex/latex/commath/commath.sty
(/usr/local/texlive/2015/texmf-dist/tex/latex/base/ifthen.sty
Package: ifthen 2014/09/29 v1.1c Standard LaTeX ifthen package (DPC)
))
(/usr/local/texlive/2015/texmf-dist/tex/latex/tools/enumerate.sty
Package: enumerate 2014/10/28 v3.00 enumerate extensions (DPC)
\@enLab=\toks28
)
(/usr/local/texlive/2015/texmf-dist/tex/latex/xcolor/xcolor.sty
Package: xcolor 2007/01/21 v2.11 LaTeX color extensions (UK)

(/usr/local/texlive/2015/texmf-dist/tex/latex/latexconfig/color.cfg
File: color.cfg 2007/01/18 v1.5 color configuration of teTeX/TeXLive
)
Package xcolor Info: Driver file: pdftex.def on input line 225.

(/usr/local/texlive/2015/texmf-dist/tex/latex/pdftex-def/pdftex.def
File: pdftex.def 2011/05/27 v0.06d Graphics/color for pdfTeX

(/usr/local/texlive/2015/texmf-dist/tex/generic/oberdiek/infwarerr.sty
Package: infwarerr 2010/04/08 v1.3 Providing info/warning/error messages (HO)
)
(/usr/local/texlive/2015/texmf-dist/tex/generic/oberdiek/ltxcmds.sty
Package: ltxcmds 2011/11/09 v1.22 LaTeX kernel commands for general use (HO)
)
\Gread@gobject=\count102
)
Package xcolor Info: Model `cmy' substituted by `cmy0' on input line 1337.
Package xcolor Info: Model `hsb' substituted by `rgb' on input line 1341.
Package xcolor Info: Model `RGB' extended on input line 1353.
Package xcolor Info: Model `HTML' substituted by `rgb' on input line 1355.
Package xcolor Info: Model `Hsb' substituted by `hsb' on input line 1356.
Package xcolor Info: Model `tHsb' substituted by `hsb' on input line 1357.
Package xcolor Info: Model `HSB' substituted by `hsb' on input line 1358.
Package xcolor Info: Model `Gray' substituted by `gray' on input line 1359.
Package xcolor Info: Model `wave' substituted by `hsb' on input line 1360.
)
(/usr/local/texlive/2015/texmf-dist/tex/latex/natbib/natbib.sty
Package: natbib 2010/09/13 8.31b (PWD, AO)
\bibhang=\skip49
\bibsep=\skip50
LaTeX Info: Redefining \cite on input line 694.
\c@NAT@ctr=\count103
)
(/usr/local/texlive/2015/texmf-dist/tex/latex/graphics/graphicx.sty
Package: graphicx 2014/10/28 v1.0g Enhanced LaTeX Graphics (DPC,SPQR)

(/usr/local/texlive/2015/texmf-dist/tex/latex/graphics/graphics.sty
Package: graphics 2014/10/28 v1.0p Standard LaTeX Graphics (DPC,SPQR)

(/usr/local/texlive/2015/texmf-dist/tex/latex/graphics/trig.sty
Package: trig 1999/03/16 v1.09 sin cos tan (DPC)
)
(/usr/local/texlive/2015/texmf-dist/tex/latex/latexconfig/graphics.cfg
File: graphics.cfg 2010/04/23 v1.9 graphics configuration of TeX Live
)
Package graphics Info: Driver file: pdftex.def on input line 94.
)
\Gin@req@height=\dimen120
\Gin@req@width=\dimen121
)
(/usr/local/texlive/2015/texmf-dist/tex/latex/caption/caption.sty
Package: caption 2013/05/02 v3.3-89 Customizing captions (AR)

(/usr/local/texlive/2015/texmf-dist/tex/latex/caption/caption3.sty
Package: caption3 2013/05/02 v1.6-88 caption3 kernel (AR)
Package caption3 Info: TeX engine: e-TeX on input line 57.
\captionmargin=\dimen122
\captionmargin@=\dimen123
\captionwidth=\dimen124
\caption@tempdima=\dimen125
\caption@indent=\dimen126
\caption@parindent=\dimen127
\caption@hangindent=\dimen128
)
\c@ContinuedFloat=\count104
)
(/usr/local/texlive/2015/texmf-dist/tex/latex/setspace/setspace.sty
Package: setspace 2011/12/19 v6.7a set line spacing
)
(/usr/local/texlive/2015/texmf-dist/tex/latex/caption/subcaption.sty
Package: subcaption 2013/02/03 v1.1-62 Sub-captions (AR)
\c@subfigure=\count105
\c@subtable=\count106
)
(/usr/local/texlive/2015/texmf-dist/tex/latex/preprint/fullpage.sty
Package: fullpage 1999/02/23 1.1 (PWD)
\FP@margin=\skip51
)
(/usr/local/texlive/2015/texmf-dist/tex/latex/comment/comment.sty
\CommentStream=\write3

Excluding comment 'comment')
\c@theorem=\count107
\c@lemma=\count108
\c@corollary=\count109
\c@example=\count110
\c@ass=\count111
\c@remark=\count112
 (./main.aux)
\openout1 = `main.aux'.

LaTeX Font Info:    Checking defaults for OML/cmm/m/it on input line 62.
LaTeX Font Info:    ... okay on input line 62.
LaTeX Font Info:    Checking defaults for T1/cmr/m/n on input line 62.
LaTeX Font Info:    ... okay on input line 62.
LaTeX Font Info:    Checking defaults for OT1/cmr/m/n on input line 62.
LaTeX Font Info:    ... okay on input line 62.
LaTeX Font Info:    Checking defaults for OMS/cmsy/m/n on input line 62.
LaTeX Font Info:    ... okay on input line 62.
LaTeX Font Info:    Checking defaults for OMX/cmex/m/n on input line 62.
LaTeX Font Info:    ... okay on input line 62.
LaTeX Font Info:    Checking defaults for U/cmr/m/n on input line 62.
LaTeX Font Info:    ... okay on input line 62.

*geometry* driver: auto-detecting
*geometry* detected driver: pdftex
*geometry* verbose mode - [ preamble ] result:
* driver: pdftex
* paper: <default>
* layout: <same size as paper>
* layoutoffset:(h,v)=(0.0pt,0.0pt)
* modes: 
* h-part:(L,W,R)=(86.72377pt, 440.84746pt, 86.72377pt)
* v-part:(T,H,B)=(57.81621pt, 701.01878pt, 36.135pt)
* \paperwidth=614.295pt
* \paperheight=794.96999pt
* \textwidth=469.75502pt
* \textheight=620.43001pt
* \oddsidemargin=0.0pt
* \evensidemargin=0.0pt
* \topmargin=0.0pt
* \headheight=0.0pt
* \headsep=0.0pt
* \topskip=11.0pt
* \footskip=30.0pt
* \marginparwidth=59.0pt
* \marginparsep=10.0pt
* \columnsep=10.0pt
* \skip\footins=10.0pt plus 4.0pt minus 2.0pt
* \hoffset=0.0pt
* \voffset=0.0pt
* \mag=1000
* \@twocolumnfalse
* \@twosidefalse
* \@mparswitchfalse
* \@reversemarginfalse
* (1in=72.27pt=25.4mm, 1cm=28.453pt)

(/usr/local/texlive/2015/texmf-dist/tex/context/base/supp-pdf.mkii
[Loading MPS to PDF converter (version 2006.09.02).]
\scratchcounter=\count113
\scratchdimen=\dimen129
\scratchbox=\box28
\nofMPsegments=\count114
\nofMParguments=\count115
\everyMPshowfont=\toks29
\MPscratchCnt=\count116
\MPscratchDim=\dimen130
\MPnumerator=\count117
\makeMPintoPDFobject=\count118
\everyMPtoPDFconversion=\toks30
) (/usr/local/texlive/2015/texmf-dist/tex/generic/oberdiek/pdftexcmds.sty
Package: pdftexcmds 2011/11/29 v0.20 Utility functions of pdfTeX for LuaTeX (HO
)

(/usr/local/texlive/2015/texmf-dist/tex/generic/oberdiek/ifluatex.sty
Package: ifluatex 2010/03/01 v1.3 Provides the ifluatex switch (HO)
Package ifluatex Info: LuaTeX not detected.
)
Package pdftexcmds Info: LuaTeX not detected.
Package pdftexcmds Info: \pdf@primitive is available.
Package pdftexcmds Info: \pdf@ifprimitive is available.
Package pdftexcmds Info: \pdfdraftmode found.
)
(/usr/local/texlive/2015/texmf-dist/tex/latex/oberdiek/epstopdf-base.sty
Package: epstopdf-base 2010/02/09 v2.5 Base part for package epstopdf

(/usr/local/texlive/2015/texmf-dist/tex/latex/oberdiek/grfext.sty
Package: grfext 2010/08/19 v1.1 Manage graphics extensions (HO)

(/usr/local/texlive/2015/texmf-dist/tex/generic/oberdiek/kvdefinekeys.sty
Package: kvdefinekeys 2011/04/07 v1.3 Define keys (HO)
))
(/usr/local/texlive/2015/texmf-dist/tex/latex/oberdiek/kvoptions.sty
Package: kvoptions 2011/06/30 v3.11 Key value format for package options (HO)

(/usr/local/texlive/2015/texmf-dist/tex/generic/oberdiek/kvsetkeys.sty
Package: kvsetkeys 2012/04/25 v1.16 Key value parser (HO)

(/usr/local/texlive/2015/texmf-dist/tex/generic/oberdiek/etexcmds.sty
Package: etexcmds 2011/02/16 v1.5 Avoid name clashes with e-TeX commands (HO)
Package etexcmds Info: Could not find \expanded.
(etexcmds)             That can mean that you are not using pdfTeX 1.50 or
(etexcmds)             that some package has redefined \expanded.
(etexcmds)             In the latter case, load this package earlier.
)))
Package grfext Info: Graphics extension search list:
(grfext)             [.png,.pdf,.jpg,.mps,.jpeg,.jbig2,.jb2,.PNG,.PDF,.JPG,.JPE
G,.JBIG2,.JB2,.eps]
(grfext)             \AppendGraphicsExtensions on input line 452.

(/usr/local/texlive/2015/texmf-dist/tex/latex/latexconfig/epstopdf-sys.cfg
File: epstopdf-sys.cfg 2010/07/13 v1.3 Configuration of (r)epstopdf for TeX Liv
e
))
Package caption Info: Begin \AtBeginDocument code.
Package caption Info: End \AtBeginDocument code.
LaTeX Font Info:    Try loading font information for U+msa on input line 64.

(/usr/local/texlive/2015/texmf-dist/tex/latex/amsfonts/umsa.fd
File: umsa.fd 2013/01/14 v3.01 AMS symbols A
)
LaTeX Font Info:    Try loading font information for U+msb on input line 64.

(/usr/local/texlive/2015/texmf-dist/tex/latex/amsfonts/umsb.fd
File: umsb.fd 2013/01/14 v3.01 AMS symbols B
)
LaTeX Font Info:    Try loading font information for OMS+cmr on input line 75.

(/usr/local/texlive/2015/texmf-dist/tex/latex/base/omscmr.fd
File: omscmr.fd 2014/09/29 v2.5h Standard LaTeX font definitions
)
LaTeX Font Info:    Font shape `OMS/cmr/m/n' in size <10.95> not available
(Font)              Font shape `OMS/cmsy/m/n' tried instead on input line 75.
 [1

{/usr/local/texlive/2015/texmf-var/fonts/map/pdftex/updmap/pdftex.map}] [2] [3]


LaTeX Warning: Reference `fig:var_acf_ccf' on page 4 undefined on input line 17
3.


LaTeX Warning: Reference `subfig:acf-500' on page 4 undefined on input line 173
.


LaTeX Warning: Reference `subfig:acf-5e4' on page 4 undefined on input line 173
.

[4] [5] [6] [7]
Underfull \hbox (badness 10000) in paragraph at lines 333--334

 []

[8] [9] [10] [11]

LaTeX Warning: Reference `fig:var_acf_ccf' on page 12 undefined on input line 4
64.

Missing character: There is no Ã in font cmr10!
Missing character: There is no ¸ in font cmr10!

LaTeX Warning: Reference `subfig:var-sp_500' on page 12 undefined on input line
 483.


LaTeX Warning: Reference `subfig:var-sp_50000' on page 12 undefined on input li
ne 483.

<plots/var-ess.pdf, id=52, 505.89pt x 505.89pt>
File: plots/var-ess.pdf Graphic file (type pdf)
 <use plots/var-ess.pdf>
Package pdftex.def Info: plots/var-ess.pdf used on input line 505.
(pdftex.def)             Requested size: 234.8775pt x 234.88132pt.


LaTeX Warning: `h' float specifier changed to `ht'.

[12] Excluding 'comment' comment. Excluding 'comment' comment.

LaTeX Warning: Reference `fig:boom-sp' on page 13 undefined on input line 568.

<plots/boom-acf,n=1000.pdf, id=57, 578.16pt x 289.08pt>
File: plots/boom-acf,n=1000.pdf Graphic file (type pdf)

<use plots/boom-acf,n=1000.pdf>
Package pdftex.def Info: plots/boom-acf,n=1000.pdf used on input line 574.
(pdftex.def)             Requested size: 375.79955pt x 144.53964pt.

<plots/boom-acf,n=50000.pdf, id=58, 578.16pt x 289.08pt>
File: plots/boom-acf,n=50000.pdf Graphic file (type pdf)

<use plots/boom-acf,n=50000.pdf>
Package pdftex.def Info: plots/boom-acf,n=50000.pdf used on input line 580.
(pdftex.def)             Requested size: 375.79955pt x 144.53964pt.


LaTeX Warning: `h' float specifier changed to `ht'.

[13 <./plots/var-ess.pdf>]

LaTeX Warning: `h' float specifier changed to `ht'.

<plots/boom-ess.pdf, id=69, 505.89pt x 289.08pt>
File: plots/boom-ess.pdf Graphic file (type pdf)
 <use plots/boom-ess.pdf>
Package pdftex.def Info: plots/boom-ess.pdf used on input line 613.
(pdftex.def)             Requested size: 328.82707pt x 187.90417pt.


LaTeX Warning: Reference `subfig:boom-pers_1_10_7' on page 14 undefined on inpu
t line 618.

<plots/boom-ess_1_10_7.pdf, id=70, 505.89pt x 289.08pt>
File: plots/boom-ess_1_10_7.pdf Graphic file (type pdf)

<use plots/boom-ess_1_10_7.pdf>
Package pdftex.def Info: plots/boom-ess_1_10_7.pdf used on input line 622.
(pdftex.def)             Requested size: 328.82707pt x 187.90417pt.


LaTeX Warning: `h' float specifier changed to `ht'.


Underfull \hbox (badness 10000) in paragraph at lines 648--649

 []

[14 <./plots/boom-acf,n=1000.pdf> <./plots/boom-acf,n=50000.pdf>] [15 <./plots/
boom-ess.pdf> <./plots/boom-ess_1_10_7.pdf>] [16]
Underfull \hbox (badness 10000) in paragraph at lines 670--671

 []

<plots/sensor-trace.pdf, id=102, 505.89pt x 361.35pt>
File: plots/sensor-trace.pdf Graphic file (type pdf)

<use plots/sensor-trace.pdf>
Package pdftex.def Info: plots/sensor-trace.pdf used on input line 674.
(pdftex.def)             Requested size: 328.82707pt x 234.88023pt.

<plots/sensor-acf-n1000.pdf, id=103, 505.89pt x 216.81pt>
File: plots/sensor-acf-n1000.pdf Graphic file (type pdf)

<use plots/sensor-acf-n1000.pdf>
Package pdftex.def Info: plots/sensor-acf-n1000.pdf used on input line 683.
(pdftex.def)             Requested size: 375.81166pt x 144.54735pt.

<plots/sensor-acf-n1e5.pdf, id=104, 505.89pt x 216.81pt>
File: plots/sensor-acf-n1e5.pdf Graphic file (type pdf)

<use plots/sensor-acf-n1e5.pdf>
Package pdftex.def Info: plots/sensor-acf-n1e5.pdf used on input line 689.
(pdftex.def)             Requested size: 375.81166pt x 144.54735pt.


LaTeX Warning: `h' float specifier changed to `ht'.

[17] [18 <./plots/sensor-trace.pdf>]
Overfull \hbox (9.37782pt too wide) in paragraph at lines 816--816
[] 
 []

[19 <./plots/sensor-acf-n1000.pdf> <./plots/sensor-acf-n1e5.pdf>]
Overfull \hbox (19.69678pt too wide) in paragraph at lines 842--842
[] 
 []

[20]
Overfull \hbox (13.48308pt too wide) in paragraph at lines 861--861
[] 
 []

[21] [22] [23]
Overfull \hbox (0.85567pt too wide) in paragraph at lines 973--973
[] 
 []

[24]
Overfull \hbox (14.93965pt too wide) in paragraph at lines 1018--1018
[] 
 []

[25]
Overfull \hbox (4.68176pt too wide) in paragraph at lines 1024--1026
\OT1/cmr/m/n/10.95 Under our as-sump-tions, $\OML/cmm/m/it/10.95 b[] [] [] n=n 
\OMS/cmsy/m/n/10.95 ! \OT1/cmr/m/n/10.95 0$ and $\OML/cmm/m/it/10.95  \OT1/cmr/
m/n/10.95 (\OML/cmm/m/it/10.95 n\OT1/cmr/m/n/10.95 ) = \OML/cmm/m/it/10.95 o\OT
1/cmr/m/n/10.95 ([])$. Con-se-quently, $\OML/cmm/m/it/10.95 b[] []\OT1/cmr/m/n/
10.95 (\OML/cmm/m/it/10.95 n\OT1/cmr/m/n/10.95 )\OML/cmm/m/it/10.95 =n[] \OMS/c
msy/m/n/10.95 !
 []

[26]
Overfull \hbox (11.52263pt too wide) in paragraph at lines 1079--1079
[] 
 []

[27]
Overfull \hbox (8.18376pt too wide) in paragraph at lines 1118--1118
[] 
 []

[28] [29] [30] [31] [32]
Underfull \hbox (badness 10000) in paragraph at lines 1280--1281

 []

<plots/spatio-acf.pdf, id=173, 505.89pt x 505.89pt>
File: plots/spatio-acf.pdf Graphic file (type pdf)
 <use plots/spatio-acf.pdf>
Package pdftex.def Info: plots/spatio-acf.pdf used on input line 1291.
(pdftex.def)             Requested size: 375.81166pt x 289.08589pt.

Underfull \hbox (badness 10000) in paragraph at lines 1288--1296

 []


LaTeX Warning: `h' float specifier changed to `ht'.


Underfull \hbox (badness 10000) in paragraph at lines 1301--1302

 []

[33] [34 <./plots/spatio-acf.pdf>] (./main.bbl [35] [36]
Missing character: There is no Ã in font cmr10!
Missing character: There is no ¸ in font cmr10!
) [37] (./main.aux)

LaTeX Warning: There were undefined references.

 ) 
Here is how much of TeX's memory you used:
 5344 strings out of 493089
 77383 string characters out of 6134842
 166187 words of memory out of 5000000
 8727 multiletter control sequences out of 15000+600000
 14743 words of font info for 57 fonts, out of 8000000 for 9000
 1141 hyphenation exceptions out of 8191
 38i,17n,38p,1334b,498s stack positions out of 5000i,500n,10000p,200000b,80000s
</usr/local/texlive/2015/texmf-dist/fonts/type1/public/amsfonts/cm/cmbx10.pfb
></usr/local/texlive/2015/texmf-dist/fonts/type1/public/amsfonts/cm/cmbx12.pfb>
</usr/local/texlive/2015/texmf-dist/fonts/type1/public/amsfonts/cm/cmex10.pfb><
/usr/local/texlive/2015/texmf-dist/fonts/type1/public/amsfonts/cm/cmmi10.pfb></
usr/local/texlive/2015/texmf-dist/fonts/type1/public/amsfonts/cm/cmmi6.pfb></us
r/local/texlive/2015/texmf-dist/fonts/type1/public/amsfonts/cm/cmmi8.pfb></usr/
local/texlive/2015/texmf-dist/fonts/type1/public/amsfonts/cm/cmr10.pfb></usr/lo
cal/texlive/2015/texmf-dist/fonts/type1/public/amsfonts/cm/cmr12.pfb></usr/loca
l/texlive/2015/texmf-dist/fonts/type1/public/amsfonts/cm/cmr17.pfb></usr/local/
texlive/2015/texmf-dist/fonts/type1/public/amsfonts/cm/cmr6.pfb></usr/local/tex
live/2015/texmf-dist/fonts/type1/public/amsfonts/cm/cmr7.pfb></usr/local/texliv
e/2015/texmf-dist/fonts/type1/public/amsfonts/cm/cmr8.pfb></usr/local/texlive/2
015/texmf-dist/fonts/type1/public/amsfonts/cm/cmsy10.pfb></usr/local/texlive/20
15/texmf-dist/fonts/type1/public/amsfonts/cm/cmsy8.pfb></usr/local/texlive/2015
/texmf-dist/fonts/type1/public/amsfonts/cm/cmti10.pfb></usr/local/texlive/2015/
texmf-dist/fonts/type1/public/amsfonts/cm/cmtt10.pfb></usr/local/texlive/2015/t
exmf-dist/fonts/type1/public/amsfonts/cm/cmtt12.pfb></usr/local/texlive/2015/te
xmf-dist/fonts/type1/public/amsfonts/symbols/msbm10.pfb>
Output written on main.pdf (37 pages, 540799 bytes).
PDF statistics:
 257 PDF objects out of 1000 (max. 8388607)
 180 compressed objects within 2 object streams
 0 named destinations out of 1000 (max. 500000)
 46 words of extra memory for PDF output out of 10000 (max. 10000000)

